<?xml version="1.0" encoding="UTF-8"?>
<!-- Generated by org.testng.reporters.JUnitReportReporter -->
<testsuite hostname="MSI" failures="0" tests="7" name="TestCases.LoginTest" time="138.519" errors="0" timestamp="2024-01-12T13:07:03 IST" skipped="0">
  <testcase classname="TestCases.LoginTest" name="adminUserLoginTest" time="36.636"/>
  <testcase classname="TestCases.LoginTest" name="employeeUserLoginTest" time="15.659"/>
  <testcase classname="TestCases.LoginTest" name="supervisorUserLoginTest" time="18.275"/>
  <testcase classname="TestCases.LoginTest" name="reviewerUserLoginTest" time="12.120"/>
  <testcase classname="TestCases.LoginTest" name="loginWithWrongPassword" time="11.526"/>
  <testcase classname="TestCases.LoginTest" name="loginWithWrongUserName" time="12.322"/>
  <testcase classname="TestCases.LoginTest" name="loginTestForInactiveUsers" time="31.981"/>
</testsuite> <!-- TestCases.LoginTest -->
